2018-01-31 11:14:59 [scrapy.utils.log] INFO: Scrapy 1.5.0 started (bot: amazon)
2018-01-31 11:14:59 [scrapy.utils.log] INFO: Versions: lxml 4.1.1.0, libxml2 2.9.7, cssselect 1.0.3, parsel 1.3.1, w3lib 1.19.0, Twisted 17.9.0, Python 2.7.14 (default, Sep 23 2017, 22:06:14) - [GCC 7.2.0], pyOpenSSL 17.5.0 (OpenSSL 1.1.0g  2 Nov 2017), cryptography 2.1.4, Platform Linux-4.13.0-32-generic-x86_64-with-Ubuntu-17.10-artful
2018-01-31 11:15:06 [scrapy.utils.log] INFO: Scrapy 1.5.0 started (bot: amazon)
2018-01-31 11:15:06 [scrapy.utils.log] INFO: Versions: lxml 4.1.1.0, libxml2 2.9.7, cssselect 1.0.3, parsel 1.3.1, w3lib 1.19.0, Twisted 17.9.0, Python 2.7.14 (default, Sep 23 2017, 22:06:14) - [GCC 7.2.0], pyOpenSSL 17.5.0 (OpenSSL 1.1.0g  2 Nov 2017), cryptography 2.1.4, Platform Linux-4.13.0-32-generic-x86_64-with-Ubuntu-17.10-artful
2018-01-31 11:15:06 [scrapy.crawler] INFO: Overridden settings: {'NEWSPIDER_MODULE': 'amazon.spiders', 'ROBOTSTXT_OBEY': True, 'LOG_LEVEL': 'INFO', 'SPIDER_MODULES': ['amazon.spiders'], 'BOT_NAME': 'amazon', 'LOG_FILE': 'scrapy.log'}
2018-01-31 11:15:06 [scrapy.middleware] INFO: Enabled extensions:
['scrapy.extensions.memusage.MemoryUsage',
 'scrapy.extensions.logstats.LogStats',
 'scrapy.extensions.telnet.TelnetConsole',
 'scrapy.extensions.corestats.CoreStats']
2018-01-31 11:15:06 [scrapy.middleware] INFO: Enabled downloader middlewares:
['scrapy.downloadermiddlewares.robotstxt.RobotsTxtMiddleware',
 'scrapy.downloadermiddlewares.httpauth.HttpAuthMiddleware',
 'scrapy.downloadermiddlewares.downloadtimeout.DownloadTimeoutMiddleware',
 'scrapy.downloadermiddlewares.defaultheaders.DefaultHeadersMiddleware',
 'scrapy.downloadermiddlewares.useragent.UserAgentMiddleware',
 'scrapy.downloadermiddlewares.retry.RetryMiddleware',
 'scrapy.downloadermiddlewares.redirect.MetaRefreshMiddleware',
 'scrapy.downloadermiddlewares.httpcompression.HttpCompressionMiddleware',
 'scrapy.downloadermiddlewares.redirect.RedirectMiddleware',
 'scrapy.downloadermiddlewares.cookies.CookiesMiddleware',
 'scrapy.downloadermiddlewares.httpproxy.HttpProxyMiddleware',
 'scrapy.downloadermiddlewares.stats.DownloaderStats']
2018-01-31 11:15:06 [scrapy.middleware] INFO: Enabled spider middlewares:
['scrapy.spidermiddlewares.httperror.HttpErrorMiddleware',
 'scrapy.spidermiddlewares.offsite.OffsiteMiddleware',
 'scrapy.spidermiddlewares.referer.RefererMiddleware',
 'scrapy.spidermiddlewares.urllength.UrlLengthMiddleware',
 'scrapy.spidermiddlewares.depth.DepthMiddleware']
2018-01-31 11:15:06 [scrapy.middleware] INFO: Enabled item pipelines:
['amazon.pipelines.MySQLPipeline']
2018-01-31 11:15:06 [scrapy.core.engine] INFO: Spider opened
2018-01-31 11:15:06 [scrapy.extensions.logstats] INFO: Crawled 0 pages (at 0 pages/min), scraped 0 items (at 0 items/min)
2018-01-31 11:15:10 [scrapy.spidermiddlewares.httperror] INFO: Ignoring response <503 https://www.amazon.com/s/ref=nb_sb_noss_1?url=search-alias%3Daps&field-keywords=potato&rh=i%3Aaps%2Ck%3Apotato>: HTTP status code is not handled or not allowed
2018-01-31 11:15:10 [scrapy.core.engine] INFO: Closing spider (finished)
2018-01-31 11:15:10 [scrapy.statscollectors] INFO: Dumping Scrapy stats:
{'downloader/request_bytes': 1123,
 'downloader/request_count': 4,
 'downloader/request_method_count/GET': 4,
 'downloader/response_bytes': 8827,
 'downloader/response_count': 4,
 'downloader/response_status_count/200': 1,
 'downloader/response_status_count/503': 3,
 'finish_reason': 'finished',
 'finish_time': datetime.datetime(2018, 1, 31, 7, 45, 10, 61381),
 'httperror/response_ignored_count': 1,
 'httperror/response_ignored_status_count/503': 1,
 'log_count/INFO': 8,
 'memusage/max': 55205888,
 'memusage/startup': 55205888,
 'response_received_count': 2,
 'retry/count': 2,
 'retry/max_reached': 1,
 'retry/reason_count/503 Service Unavailable': 2,
 'scheduler/dequeued': 3,
 'scheduler/dequeued/memory': 3,
 'scheduler/enqueued': 3,
 'scheduler/enqueued/memory': 3,
 'start_time': datetime.datetime(2018, 1, 31, 7, 45, 6, 244950)}
2018-01-31 11:15:10 [scrapy.core.engine] INFO: Spider closed (finished)
2018-01-31 11:15:37 [scrapy.utils.log] INFO: Scrapy 1.5.0 started (bot: amazon)
2018-01-31 11:15:37 [scrapy.utils.log] INFO: Versions: lxml 4.1.1.0, libxml2 2.9.7, cssselect 1.0.3, parsel 1.3.1, w3lib 1.19.0, Twisted 17.9.0, Python 2.7.14 (default, Sep 23 2017, 22:06:14) - [GCC 7.2.0], pyOpenSSL 17.5.0 (OpenSSL 1.1.0g  2 Nov 2017), cryptography 2.1.4, Platform Linux-4.13.0-32-generic-x86_64-with-Ubuntu-17.10-artful
2018-01-31 11:15:37 [scrapy.crawler] INFO: Overridden settings: {'NEWSPIDER_MODULE': 'amazon.spiders', 'ROBOTSTXT_OBEY': True, 'LOG_LEVEL': 'INFO', 'SPIDER_MODULES': ['amazon.spiders'], 'BOT_NAME': 'amazon', 'LOG_FILE': 'scrapy.log'}
2018-01-31 11:15:37 [scrapy.middleware] INFO: Enabled extensions:
['scrapy.extensions.memusage.MemoryUsage',
 'scrapy.extensions.logstats.LogStats',
 'scrapy.extensions.telnet.TelnetConsole',
 'scrapy.extensions.corestats.CoreStats']
2018-01-31 11:15:37 [scrapy.middleware] INFO: Enabled downloader middlewares:
['scrapy.downloadermiddlewares.robotstxt.RobotsTxtMiddleware',
 'scrapy.downloadermiddlewares.httpauth.HttpAuthMiddleware',
 'scrapy.downloadermiddlewares.downloadtimeout.DownloadTimeoutMiddleware',
 'scrapy.downloadermiddlewares.defaultheaders.DefaultHeadersMiddleware',
 'scrapy.downloadermiddlewares.useragent.UserAgentMiddleware',
 'scrapy.downloadermiddlewares.retry.RetryMiddleware',
 'scrapy.downloadermiddlewares.redirect.MetaRefreshMiddleware',
 'scrapy.downloadermiddlewares.httpcompression.HttpCompressionMiddleware',
 'scrapy.downloadermiddlewares.redirect.RedirectMiddleware',
 'scrapy.downloadermiddlewares.cookies.CookiesMiddleware',
 'scrapy.downloadermiddlewares.httpproxy.HttpProxyMiddleware',
 'scrapy.downloadermiddlewares.stats.DownloaderStats']
2018-01-31 11:15:37 [scrapy.middleware] INFO: Enabled spider middlewares:
['scrapy.spidermiddlewares.httperror.HttpErrorMiddleware',
 'scrapy.spidermiddlewares.offsite.OffsiteMiddleware',
 'scrapy.spidermiddlewares.referer.RefererMiddleware',
 'scrapy.spidermiddlewares.urllength.UrlLengthMiddleware',
 'scrapy.spidermiddlewares.depth.DepthMiddleware']
2018-01-31 11:15:37 [scrapy.middleware] INFO: Enabled item pipelines:
['amazon.pipelines.MySQLPipeline']
2018-01-31 11:15:37 [scrapy.core.engine] INFO: Spider opened
2018-01-31 11:15:37 [scrapy.extensions.logstats] INFO: Crawled 0 pages (at 0 pages/min), scraped 0 items (at 0 items/min)
2018-01-31 11:15:40 [scrapy.spidermiddlewares.httperror] INFO: Ignoring response <503 https://www.amazon.com/s/ref=nb_sb_noss_1?url=search-alias%3Daps&field-keywords=potato&rh=i%3Aaps%2Ck%3Apotato>: HTTP status code is not handled or not allowed
2018-01-31 11:15:40 [scrapy.core.engine] INFO: Closing spider (finished)
2018-01-31 11:15:40 [scrapy.statscollectors] INFO: Dumping Scrapy stats:
{'downloader/request_bytes': 1123,
 'downloader/request_count': 4,
 'downloader/request_method_count/GET': 4,
 'downloader/response_bytes': 8813,
 'downloader/response_count': 4,
 'downloader/response_status_count/200': 1,
 'downloader/response_status_count/503': 3,
 'finish_reason': 'finished',
 'finish_time': datetime.datetime(2018, 1, 31, 7, 45, 40, 584858),
 'httperror/response_ignored_count': 1,
 'httperror/response_ignored_status_count/503': 1,
 'log_count/INFO': 8,
 'memusage/max': 55128064,
 'memusage/startup': 55128064,
 'response_received_count': 2,
 'retry/count': 2,
 'retry/max_reached': 1,
 'retry/reason_count/503 Service Unavailable': 2,
 'scheduler/dequeued': 3,
 'scheduler/dequeued/memory': 3,
 'scheduler/enqueued': 3,
 'scheduler/enqueued/memory': 3,
 'start_time': datetime.datetime(2018, 1, 31, 7, 45, 37, 76902)}
2018-01-31 11:15:40 [scrapy.core.engine] INFO: Spider closed (finished)
